Using pre-set license
Built from '2020.2/release' branch; Version is '2020.2.2f1 (068178b99f32) revision 426360'; Using compiler version '192528614'; Build Type 'Release'
OS: 'Windows 10 Home; OS build 19042.1415; Version 2009; 64bit' Language: 'en' Physical Memory: 16332 MB
BatchMode: 1, IsHumanControllingUs: 0, StartBugReporterOnCrash: 0, Is64bit: 1, IsPro: 0

 COMMAND LINE ARGUMENTS:
C:\Program Files\Unity\Hub\Editor\2020.2.2f1\Editor\Unity.exe
-adb2
-batchMode
-noUpm
-name
AssetImportWorker0
-projectPath
C:/Users/Work/Desktop/3D game course/Section 3 Project Hermes/Project Hermes
-logFile
Logs/AssetImportWorker0.log
-srvPort
50946
Successfully changed project path to: C:/Users/Work/Desktop/3D game course/Section 3 Project Hermes/Project Hermes
C:/Users/Work/Desktop/3D game course/Section 3 Project Hermes/Project Hermes
Using Asset Import Pipeline V2.
Refreshing native plugins compatible for Editor in 37.08 ms, found 0 plugins.
Preloading 0 native plugins for Editor in 0.00 ms.
Initialize engine version: 2020.2.2f1 (068178b99f32)
[Subsystems] Discovering subsystems at path C:/Program Files/Unity/Hub/Editor/2020.2.2f1/Editor/Data/Resources/UnitySubsystems
[Subsystems] Discovering subsystems at path C:/Users/Work/Desktop/3D game course/Section 3 Project Hermes/Project Hermes/Assets
GfxDevice: creating device client; threaded=0
Direct3D:
    Version:  Direct3D 11.0 [level 11.1]
    Renderer: NVIDIA GeForce RTX 2060 (ID=0x1f08)
    Vendor:   
    VRAM:     5980 MB
    Driver:   30.0.14.9649
Initialize mono
Mono path[0] = 'C:/Program Files/Unity/Hub/Editor/2020.2.2f1/Editor/Data/Managed'
Mono path[1] = 'C:/Program Files/Unity/Hub/Editor/2020.2.2f1/Editor/Data/MonoBleedingEdge/lib/mono/unityjit'
Mono config path = 'C:/Program Files/Unity/Hub/Editor/2020.2.2f1/Editor/Data/MonoBleedingEdge/etc'
Using monoOptions --debugger-agent=transport=dt_socket,embedding=1,server=y,suspend=n,address=127.0.0.1:56860
Begin MonoManager ReloadAssembly
Registering precompiled unity dll's ...
Register platform support module: C:/Program Files/Unity/Hub/Editor/2020.2.2f1/Editor/Data/PlaybackEngines/WebGLSupport/UnityEditor.WebGL.Extensions.dll
Register platform support module: C:/Program Files/Unity/Hub/Editor/2020.2.2f1/Editor/Data/PlaybackEngines/WindowsStandaloneSupport/UnityEditor.WindowsStandalone.Extensions.dll
Register platform support module: C:/Program Files/Unity/Hub/Editor/2020.2.2f1/Editor/Data/PlaybackEngines/LinuxStandaloneSupport/UnityEditor.LinuxStandalone.Extensions.dll
Registered in 0.013707 seconds.
Native extension for LinuxStandalone target not found
Native extension for WindowsStandalone target not found
Native extension for WebGL target not found
Refreshing native plugins compatible for Editor in 35.59 ms, found 0 plugins.
Preloading 0 native plugins for Editor in 0.00 ms.
Invoked RoslynAnalysisRunner static constructor.
RoslynAnalysisRunner will not be running.
RoslynAnalysisRunner has terminated.
Mono: successfully reloaded assembly
- Completed reload, in  2.853 seconds
Platform modules already initialized, skipping
Registering precompiled user dll's ...
Registered in 0.002141 seconds.
Begin MonoManager ReloadAssembly
Native extension for LinuxStandalone target not found
Native extension for WindowsStandalone target not found
Native extension for WebGL target not found
Refreshing native plugins compatible for Editor in 0.24 ms, found 0 plugins.
Preloading 0 native plugins for Editor in 0.00 ms.
Invoked RoslynAnalysisRunner static constructor.
RoslynAnalysisRunner will not be running.
RoslynAnalysisRunner has terminated.
Mono: successfully reloaded assembly
- Completed reload, in  1.395 seconds
Platform modules already initialized, skipping
========================================================================
Worker process is ready to serve import requests
Launched and connected shader compiler UnityShaderCompiler.exe after 0.07 seconds
Refreshing native plugins compatible for Editor in 0.23 ms, found 0 plugins.
Preloading 0 native plugins for Editor in 0.00 ms.
Unloading 1102 Unused Serialized files (Serialized files now loaded: 0)
System memory in use before: 76.2 MB.
System memory in use after: 76.2 MB.

Unloading 10 unused Assets to reduce memory usage. Loaded Objects now: 1564.
Total: 2.083000 ms (FindLiveObjects: 0.182300 ms CreateObjectMapping: 0.039500 ms MarkObjects: 1.747600 ms  DeleteObjects: 0.112100 ms)

========================================================================
Received Import Request.
  path: Assets/Scripts/Osulator.cs
  artifactKey: Guid(a60ed36cf8a113249baf5ac5f66d5f4c) Importer(815301076,1909f56bfc062723c751e8b465ee728b)
Start importing Assets/Scripts/Osulator.cs using Guid(a60ed36cf8a113249baf5ac5f66d5f4c) Importer(815301076,1909f56bfc062723c751e8b465ee728b)  -> (artifact id: '6635e9785f2a06a5a27a46c2d7f780dd') in 0.071490 seconds
  Import took 0.074058 seconds .

========================================================================
Received Import Request.
  Time since last request: 38.213847 seconds.
  path: Assets/Scripts/Osulator.cs
  artifactKey: Guid(a60ed36cf8a113249baf5ac5f66d5f4c) Importer(815301076,1909f56bfc062723c751e8b465ee728b)
Start importing Assets/Scripts/Osulator.cs using Guid(a60ed36cf8a113249baf5ac5f66d5f4c) Importer(815301076,1909f56bfc062723c751e8b465ee728b)  -> (artifact id: '63cd1dc150292db056a0fa60c691dce6') in 0.037436 seconds
  Import took 0.039703 seconds .

========================================================================
Received Import Request.
  Time since last request: 58.202665 seconds.
  path: Assets/Scripts/Osulator.cs
  artifactKey: Guid(a60ed36cf8a113249baf5ac5f66d5f4c) Importer(815301076,1909f56bfc062723c751e8b465ee728b)
Start importing Assets/Scripts/Osulator.cs using Guid(a60ed36cf8a113249baf5ac5f66d5f4c) Importer(815301076,1909f56bfc062723c751e8b465ee728b)  -> (artifact id: 'a19c62327d0677c3795a85a0e2eec580') in 0.037694 seconds
  Import took 0.040061 seconds .

========================================================================
Received Prepare
Registering precompiled user dll's ...
Registered in 0.002472 seconds.
Begin MonoManager ReloadAssembly
Native extension for LinuxStandalone target not found
Native extension for WindowsStandalone target not found
Native extension for WebGL target not found
Refreshing native plugins compatible for Editor in 0.26 ms, found 0 plugins.
Preloading 0 native plugins for Editor in 0.00 ms.
Invoked RoslynAnalysisRunner static constructor.
RoslynAnalysisRunner will not be running.
RoslynAnalysisRunner has terminated.
Mono: successfully reloaded assembly
- Completed reload, in  1.438 seconds
Platform modules already initialized, skipping
Refreshing native plugins compatible for Editor in 0.26 ms, found 0 plugins.
Preloading 0 native plugins for Editor in 0.00 ms.
Unloading 1097 Unused Serialized files (Serialized files now loaded: 0)
System memory in use before: 76.4 MB.
System memory in use after: 76.5 MB.

Unloading 5 unused Assets to reduce memory usage. Loaded Objects now: 1566.
Total: 3.289600 ms (FindLiveObjects: 0.289300 ms CreateObjectMapping: 0.060900 ms MarkObjects: 2.839800 ms  DeleteObjects: 0.097100 ms)

========================================================================
Received Import Request.
  Time since last request: 279.982746 seconds.
  path: Assets/Scenes/LevelTwo.unity
  artifactKey: Guid(1b702b702d8004b459655763da8f68ed) Importer(815301076,1909f56bfc062723c751e8b465ee728b)
Start importing Assets/Scenes/LevelTwo.unity using Guid(1b702b702d8004b459655763da8f68ed) Importer(815301076,1909f56bfc062723c751e8b465ee728b)  -> (artifact id: 'be060f215427a6131b30c6a52642b707') in 0.052163 seconds
  Import took 0.054664 seconds .

========================================================================
Received Import Request.
  Time since last request: 39.833678 seconds.
  path: Assets/Scenes/LevelOne.unity
  artifactKey: Guid(9fc0d4010bbf28b4594072e72b8655ab) Importer(815301076,1909f56bfc062723c751e8b465ee728b)
Start importing Assets/Scenes/LevelOne.unity using Guid(9fc0d4010bbf28b4594072e72b8655ab) Importer(815301076,1909f56bfc062723c751e8b465ee728b)  -> (artifact id: 'f9e66e29db3e176d22a43fc0384da3ff') in 0.045822 seconds
  Import took 0.048208 seconds .

========================================================================
Received Prepare
Registering precompiled user dll's ...
Registered in 0.002017 seconds.
Begin MonoManager ReloadAssembly
Native extension for LinuxStandalone target not found
Native extension for WindowsStandalone target not found
Native extension for WebGL target not found
Refreshing native plugins compatible for Editor in 0.24 ms, found 0 plugins.
Preloading 0 native plugins for Editor in 0.00 ms.
Invoked RoslynAnalysisRunner static constructor.
RoslynAnalysisRunner will not be running.
RoslynAnalysisRunner has terminated.
Mono: successfully reloaded assembly
- Completed reload, in  1.334 seconds
Platform modules already initialized, skipping
Refreshing native plugins compatible for Editor in 0.26 ms, found 0 plugins.
Preloading 0 native plugins for Editor in 0.00 ms.
Unloading 1097 Unused Serialized files (Serialized files now loaded: 0)
System memory in use before: 76.7 MB.
System memory in use after: 76.8 MB.

Unloading 5 unused Assets to reduce memory usage. Loaded Objects now: 1568.
Total: 2.244000 ms (FindLiveObjects: 0.197400 ms CreateObjectMapping: 0.045900 ms MarkObjects: 1.924100 ms  DeleteObjects: 0.075300 ms)

========================================================================
Received Import Request.
  Time since last request: 25.181872 seconds.
  path: Assets/Scenes/LevelOne.unity
  artifactKey: Guid(9fc0d4010bbf28b4594072e72b8655ab) Importer(815301076,1909f56bfc062723c751e8b465ee728b)
Start importing Assets/Scenes/LevelOne.unity using Guid(9fc0d4010bbf28b4594072e72b8655ab) Importer(815301076,1909f56bfc062723c751e8b465ee728b)  -> (artifact id: '874026922e4d9bfd46998260f83b1929') in 0.050653 seconds
  Import took 0.052941 seconds .

========================================================================
Received Import Request.
  Time since last request: 1.456919 seconds.
  path: Assets/Scenes/LevelOne 1.unity
  artifactKey: Guid(bd419c47aa621024c89dbd4325d1c579) Importer(815301076,1909f56bfc062723c751e8b465ee728b)
Start importing Assets/Scenes/LevelOne 1.unity using Guid(bd419c47aa621024c89dbd4325d1c579) Importer(815301076,1909f56bfc062723c751e8b465ee728b)  -> (artifact id: '486b68827d981808f4ab207c551cfb02') in 0.039487 seconds
  Import took 0.041728 seconds .

========================================================================
Received Import Request.
  Time since last request: 33.303458 seconds.
  path: Assets/Scenes/LevelTwo.unity
  artifactKey: Guid(bd419c47aa621024c89dbd4325d1c579) Importer(815301076,1909f56bfc062723c751e8b465ee728b)
Start importing Assets/Scenes/LevelTwo.unity using Guid(bd419c47aa621024c89dbd4325d1c579) Importer(815301076,1909f56bfc062723c751e8b465ee728b)  -> (artifact id: '29466556b676398ede63f2effa343093') in 0.038416 seconds
  Import took 0.040748 seconds .

========================================================================
Received Import Request.
  Time since last request: 3.209428 seconds.
  path: Assets/Scenes/LevelOne 1.unity
  artifactKey: Guid(8876634b42825584fb2f4b09067e338f) Importer(815301076,1909f56bfc062723c751e8b465ee728b)
Start importing Assets/Scenes/LevelOne 1.unity using Guid(8876634b42825584fb2f4b09067e338f) Importer(815301076,1909f56bfc062723c751e8b465ee728b)  -> (artifact id: 'fc8bf39807f3af7bd530424168ec1380') in 0.038924 seconds
  Import took 0.041332 seconds .

========================================================================
Received Import Request.
  Time since last request: 7.775867 seconds.
  path: Assets/Scenes/LevelThree.unity
  artifactKey: Guid(8876634b42825584fb2f4b09067e338f) Importer(815301076,1909f56bfc062723c751e8b465ee728b)
Start importing Assets/Scenes/LevelThree.unity using Guid(8876634b42825584fb2f4b09067e338f) Importer(815301076,1909f56bfc062723c751e8b465ee728b)  -> (artifact id: 'd6e36a1e5a072950297dc6d1674b83c8') in 0.039198 seconds
  Import took 0.041511 seconds .

========================================================================
Received Prepare
Registering precompiled user dll's ...
Registered in 0.001949 seconds.
Begin MonoManager ReloadAssembly
Native extension for LinuxStandalone target not found
Native extension for WindowsStandalone target not found
Native extension for WebGL target not found
Refreshing native plugins compatible for Editor in 0.25 ms, found 0 plugins.
Preloading 0 native plugins for Editor in 0.00 ms.
Invoked RoslynAnalysisRunner static constructor.
RoslynAnalysisRunner will not be running.
RoslynAnalysisRunner has terminated.
Mono: successfully reloaded assembly
- Completed reload, in  1.368 seconds
Platform modules already initialized, skipping
Refreshing native plugins compatible for Editor in 0.26 ms, found 0 plugins.
Preloading 0 native plugins for Editor in 0.00 ms.
Unloading 1097 Unused Serialized files (Serialized files now loaded: 0)
System memory in use before: 76.9 MB.
System memory in use after: 77.0 MB.

Unloading 5 unused Assets to reduce memory usage. Loaded Objects now: 1570.
Total: 1.946300 ms (FindLiveObjects: 0.167600 ms CreateObjectMapping: 0.036700 ms MarkObjects: 1.670200 ms  DeleteObjects: 0.070500 ms)

========================================================================
Received Prepare
Registering precompiled user dll's ...
Registered in 0.002508 seconds.
Begin MonoManager ReloadAssembly
Native extension for LinuxStandalone target not found
Native extension for WindowsStandalone target not found
Native extension for WebGL target not found
Refreshing native plugins compatible for Editor in 0.25 ms, found 0 plugins.
Preloading 0 native plugins for Editor in 0.00 ms.
Invoked RoslynAnalysisRunner static constructor.
RoslynAnalysisRunner will not be running.
RoslynAnalysisRunner has terminated.
Mono: successfully reloaded assembly
- Completed reload, in  1.434 seconds
Platform modules already initialized, skipping
Refreshing native plugins compatible for Editor in 0.24 ms, found 0 plugins.
Preloading 0 native plugins for Editor in 0.00 ms.
Unloading 1097 Unused Serialized files (Serialized files now loaded: 0)
System memory in use before: 77.4 MB.
System memory in use after: 77.4 MB.

Unloading 5 unused Assets to reduce memory usage. Loaded Objects now: 1572.
Total: 2.267600 ms (FindLiveObjects: 0.215700 ms CreateObjectMapping: 0.036400 ms MarkObjects: 1.936100 ms  DeleteObjects: 0.078200 ms)

========================================================================
Received Prepare
Registering precompiled user dll's ...
Registered in 0.002025 seconds.
Begin MonoManager ReloadAssembly
Native extension for LinuxStandalone target not found
Native extension for WindowsStandalone target not found
Native extension for WebGL target not found
Refreshing native plugins compatible for Editor in 0.24 ms, found 0 plugins.
Preloading 0 native plugins for Editor in 0.00 ms.
Invoked RoslynAnalysisRunner static constructor.
RoslynAnalysisRunner will not be running.
RoslynAnalysisRunner has terminated.
Mono: successfully reloaded assembly
- Completed reload, in  1.318 seconds
Platform modules already initialized, skipping
Refreshing native plugins compatible for Editor in 0.24 ms, found 0 plugins.
Preloading 0 native plugins for Editor in 0.00 ms.
Unloading 1097 Unused Serialized files (Serialized files now loaded: 0)
System memory in use before: 77.7 MB.
System memory in use after: 77.7 MB.

Unloading 5 unused Assets to reduce memory usage. Loaded Objects now: 1574.
Total: 2.036700 ms (FindLiveObjects: 0.172500 ms CreateObjectMapping: 0.035800 ms MarkObjects: 1.738800 ms  DeleteObjects: 0.087800 ms)

========================================================================
Received Import Request.
  Time since last request: 167.132304 seconds.
  path: Assets/Scenes/LevelTwo.unity
  artifactKey: Guid(bd419c47aa621024c89dbd4325d1c579) Importer(815301076,1909f56bfc062723c751e8b465ee728b)
Start importing Assets/Scenes/LevelTwo.unity using Guid(bd419c47aa621024c89dbd4325d1c579) Importer(815301076,1909f56bfc062723c751e8b465ee728b)  -> (artifact id: 'd5b781f5858d2a33defdf2681a9d72b6') in 0.049331 seconds
  Import took 0.051849 seconds .

========================================================================
Received Prepare
Registering precompiled user dll's ...
Registered in 0.001910 seconds.
Begin MonoManager ReloadAssembly
Native extension for LinuxStandalone target not found
Native extension for WindowsStandalone target not found
Native extension for WebGL target not found
Refreshing native plugins compatible for Editor in 0.35 ms, found 0 plugins.
Preloading 0 native plugins for Editor in 0.00 ms.
Invoked RoslynAnalysisRunner static constructor.
RoslynAnalysisRunner will not be running.
RoslynAnalysisRunner has terminated.
Mono: successfully reloaded assembly
- Completed reload, in  1.335 seconds
Platform modules already initialized, skipping
Refreshing native plugins compatible for Editor in 0.31 ms, found 0 plugins.
Preloading 0 native plugins for Editor in 0.00 ms.
Unloading 1097 Unused Serialized files (Serialized files now loaded: 0)
System memory in use before: 77.9 MB.
System memory in use after: 78.0 MB.

Unloading 5 unused Assets to reduce memory usage. Loaded Objects now: 1576.
Total: 1.939700 ms (FindLiveObjects: 0.170700 ms CreateObjectMapping: 0.036200 ms MarkObjects: 1.658700 ms  DeleteObjects: 0.072900 ms)

========================================================================
Received Prepare
Registering precompiled user dll's ...
Registered in 0.002022 seconds.
Begin MonoManager ReloadAssembly
Native extension for LinuxStandalone target not found
Native extension for WindowsStandalone target not found
Native extension for WebGL target not found
Refreshing native plugins compatible for Editor in 0.24 ms, found 0 plugins.
Preloading 0 native plugins for Editor in 0.00 ms.
Invoked RoslynAnalysisRunner static constructor.
RoslynAnalysisRunner will not be running.
RoslynAnalysisRunner has terminated.
Mono: successfully reloaded assembly
- Completed reload, in  1.329 seconds
Platform modules already initialized, skipping
Refreshing native plugins compatible for Editor in 0.25 ms, found 0 plugins.
Preloading 0 native plugins for Editor in 0.00 ms.
Unloading 1097 Unused Serialized files (Serialized files now loaded: 0)
System memory in use before: 77.3 MB.
System memory in use after: 77.3 MB.

Unloading 5 unused Assets to reduce memory usage. Loaded Objects now: 1578.
Total: 1.980600 ms (FindLiveObjects: 0.155500 ms CreateObjectMapping: 0.037300 ms MarkObjects: 1.708300 ms  DeleteObjects: 0.078200 ms)

========================================================================
Received Import Request.
  Time since last request: 280.435334 seconds.
  path: Assets/Scenes/LevelTwo.unity
  artifactKey: Guid(bd419c47aa621024c89dbd4325d1c579) Importer(815301076,1909f56bfc062723c751e8b465ee728b)
Start importing Assets/Scenes/LevelTwo.unity using Guid(bd419c47aa621024c89dbd4325d1c579) Importer(815301076,1909f56bfc062723c751e8b465ee728b)  -> (artifact id: 'a5c48afe88f04fe9698b5dcaba31ee7d') in 0.047836 seconds
  Import took 0.156284 seconds .

========================================================================
Received Prepare
Registering precompiled user dll's ...
Registered in 0.002008 seconds.
Begin MonoManager ReloadAssembly
Native extension for LinuxStandalone target not found
Native extension for WindowsStandalone target not found
Native extension for WebGL target not found
Refreshing native plugins compatible for Editor in 0.24 ms, found 0 plugins.
Preloading 0 native plugins for Editor in 0.00 ms.
Invoked RoslynAnalysisRunner static constructor.
RoslynAnalysisRunner will not be running.
RoslynAnalysisRunner has terminated.
Mono: successfully reloaded assembly
- Completed reload, in  1.332 seconds
Platform modules already initialized, skipping
Refreshing native plugins compatible for Editor in 0.24 ms, found 0 plugins.
Preloading 0 native plugins for Editor in 0.00 ms.
Unloading 1097 Unused Serialized files (Serialized files now loaded: 0)
System memory in use before: 77.6 MB.
System memory in use after: 77.7 MB.

Unloading 5 unused Assets to reduce memory usage. Loaded Objects now: 1580.
Total: 1.957600 ms (FindLiveObjects: 0.154300 ms CreateObjectMapping: 0.035900 ms MarkObjects: 1.696800 ms  DeleteObjects: 0.069700 ms)

========================================================================
Received Prepare
Registering precompiled user dll's ...
Registered in 0.001869 seconds.
Begin MonoManager ReloadAssembly
Native extension for LinuxStandalone target not found
Native extension for WindowsStandalone target not found
Native extension for WebGL target not found
Refreshing native plugins compatible for Editor in 0.24 ms, found 0 plugins.
Preloading 0 native plugins for Editor in 0.00 ms.
Invoked RoslynAnalysisRunner static constructor.
RoslynAnalysisRunner will not be running.
RoslynAnalysisRunner has terminated.
Mono: successfully reloaded assembly
- Completed reload, in  1.345 seconds
Platform modules already initialized, skipping
Refreshing native plugins compatible for Editor in 0.24 ms, found 0 plugins.
Preloading 0 native plugins for Editor in 0.00 ms.
Unloading 1097 Unused Serialized files (Serialized files now loaded: 0)
System memory in use before: 77.9 MB.
System memory in use after: 78.0 MB.

Unloading 5 unused Assets to reduce memory usage. Loaded Objects now: 1582.
Total: 2.129400 ms (FindLiveObjects: 0.216800 ms CreateObjectMapping: 0.037800 ms MarkObjects: 1.793700 ms  DeleteObjects: 0.079500 ms)

========================================================================
Received Prepare
Registering precompiled user dll's ...
Registered in 0.001947 seconds.
Begin MonoManager ReloadAssembly
Native extension for LinuxStandalone target not found
Native extension for WindowsStandalone target not found
Native extension for WebGL target not found
Refreshing native plugins compatible for Editor in 0.24 ms, found 0 plugins.
Preloading 0 native plugins for Editor in 0.00 ms.
Invoked RoslynAnalysisRunner static constructor.
RoslynAnalysisRunner will not be running.
RoslynAnalysisRunner has terminated.
Mono: successfully reloaded assembly
- Completed reload, in  1.377 seconds
Platform modules already initialized, skipping
Refreshing native plugins compatible for Editor in 0.27 ms, found 0 plugins.
Preloading 0 native plugins for Editor in 0.00 ms.
Unloading 1097 Unused Serialized files (Serialized files now loaded: 0)
System memory in use before: 78.0 MB.
System memory in use after: 78.0 MB.

Unloading 5 unused Assets to reduce memory usage. Loaded Objects now: 1584.
Total: 2.219100 ms (FindLiveObjects: 0.268100 ms CreateObjectMapping: 0.055700 ms MarkObjects: 1.813800 ms  DeleteObjects: 0.079800 ms)

========================================================================
Received Prepare
Registering precompiled user dll's ...
Registered in 0.001967 seconds.
Begin MonoManager ReloadAssembly
Native extension for LinuxStandalone target not found
Native extension for WindowsStandalone target not found
Native extension for WebGL target not found
Refreshing native plugins compatible for Editor in 0.24 ms, found 0 plugins.
Preloading 0 native plugins for Editor in 0.00 ms.
Invoked RoslynAnalysisRunner static constructor.
RoslynAnalysisRunner will not be running.
RoslynAnalysisRunner has terminated.
Mono: successfully reloaded assembly
- Completed reload, in  1.322 seconds
Platform modules already initialized, skipping
Refreshing native plugins compatible for Editor in 0.24 ms, found 0 plugins.
Preloading 0 native plugins for Editor in 0.00 ms.
Unloading 1097 Unused Serialized files (Serialized files now loaded: 0)
System memory in use before: 77.5 MB.
System memory in use after: 77.6 MB.

Unloading 5 unused Assets to reduce memory usage. Loaded Objects now: 1586.
Total: 1.990100 ms (FindLiveObjects: 0.166200 ms CreateObjectMapping: 0.036700 ms MarkObjects: 1.715000 ms  DeleteObjects: 0.071000 ms)

========================================================================
Received Prepare
Registering precompiled user dll's ...
Registered in 0.001946 seconds.
Begin MonoManager ReloadAssembly
Native extension for LinuxStandalone target not found
Native extension for WindowsStandalone target not found
Native extension for WebGL target not found
Refreshing native plugins compatible for Editor in 0.27 ms, found 0 plugins.
Preloading 0 native plugins for Editor in 0.00 ms.
Invoked RoslynAnalysisRunner static constructor.
RoslynAnalysisRunner will not be running.
RoslynAnalysisRunner has terminated.
Mono: successfully reloaded assembly
- Completed reload, in  1.380 seconds
Platform modules already initialized, skipping
Refreshing native plugins compatible for Editor in 0.27 ms, found 0 plugins.
Preloading 0 native plugins for Editor in 0.00 ms.
Unloading 1097 Unused Serialized files (Serialized files now loaded: 0)
System memory in use before: 77.8 MB.
System memory in use after: 77.9 MB.

Unloading 5 unused Assets to reduce memory usage. Loaded Objects now: 1588.
Total: 2.094300 ms (FindLiveObjects: 0.169300 ms CreateObjectMapping: 0.036000 ms MarkObjects: 1.803900 ms  DeleteObjects: 0.083800 ms)

========================================================================
Received Import Request.
  Time since last request: 894.671814 seconds.
  path: Assets/Scenes/LevelThree.unity
  artifactKey: Guid(8876634b42825584fb2f4b09067e338f) Importer(815301076,1909f56bfc062723c751e8b465ee728b)
Start importing Assets/Scenes/LevelThree.unity using Guid(8876634b42825584fb2f4b09067e338f) Importer(815301076,1909f56bfc062723c751e8b465ee728b)  -> (artifact id: '550eb753171a994724e73ed4ed207c5d') in 0.049499 seconds
  Import took 0.051860 seconds .

========================================================================
Received Prepare
Registering precompiled user dll's ...
Registered in 0.002037 seconds.
Begin MonoManager ReloadAssembly
Native extension for LinuxStandalone target not found
Native extension for WindowsStandalone target not found
Native extension for WebGL target not found
Refreshing native plugins compatible for Editor in 0.24 ms, found 0 plugins.
Preloading 0 native plugins for Editor in 0.00 ms.
Invoked RoslynAnalysisRunner static constructor.
RoslynAnalysisRunner will not be running.
RoslynAnalysisRunner has terminated.
Mono: successfully reloaded assembly
- Completed reload, in  1.307 seconds
Platform modules already initialized, skipping
Refreshing native plugins compatible for Editor in 0.26 ms, found 0 plugins.
Preloading 0 native plugins for Editor in 0.00 ms.
Unloading 1097 Unused Serialized files (Serialized files now loaded: 0)
System memory in use before: 78.0 MB.
System memory in use after: 78.1 MB.

Unloading 5 unused Assets to reduce memory usage. Loaded Objects now: 1590.
Total: 2.042600 ms (FindLiveObjects: 0.150700 ms CreateObjectMapping: 0.035700 ms MarkObjects: 1.775000 ms  DeleteObjects: 0.080200 ms)

========================================================================
Received Import Request.
  Time since last request: 9.262674 seconds.
  path: Assets/Scenes/LevelThree.unity
  artifactKey: Guid(8876634b42825584fb2f4b09067e338f) Importer(815301076,1909f56bfc062723c751e8b465ee728b)
Start importing Assets/Scenes/LevelThree.unity using Guid(8876634b42825584fb2f4b09067e338f) Importer(815301076,1909f56bfc062723c751e8b465ee728b)  -> (artifact id: '60d470b6de9e76cc6efbd5dd247b0ac6') in 0.049881 seconds
  Import took 0.052618 seconds .

========================================================================
Received Prepare
Registering precompiled user dll's ...
Registered in 0.002024 seconds.
Begin MonoManager ReloadAssembly
Native extension for LinuxStandalone target not found
Native extension for WindowsStandalone target not found
Native extension for WebGL target not found
Refreshing native plugins compatible for Editor in 0.23 ms, found 0 plugins.
Preloading 0 native plugins for Editor in 0.00 ms.
Invoked RoslynAnalysisRunner static constructor.
RoslynAnalysisRunner will not be running.
RoslynAnalysisRunner has terminated.
Mono: successfully reloaded assembly
- Completed reload, in  1.353 seconds
Platform modules already initialized, skipping
Refreshing native plugins compatible for Editor in 0.24 ms, found 0 plugins.
Preloading 0 native plugins for Editor in 0.00 ms.
Unloading 1097 Unused Serialized files (Serialized files now loaded: 0)
System memory in use before: 77.4 MB.
System memory in use after: 77.5 MB.

Unloading 5 unused Assets to reduce memory usage. Loaded Objects now: 1592.
Total: 2.098500 ms (FindLiveObjects: 0.200000 ms CreateObjectMapping: 0.035800 ms MarkObjects: 1.780400 ms  DeleteObjects: 0.080400 ms)

========================================================================
Received Import Request.
  Time since last request: 135.439072 seconds.
  path: Assets/Scenes/LevelThree.unity
  artifactKey: Guid(8876634b42825584fb2f4b09067e338f) Importer(815301076,1909f56bfc062723c751e8b465ee728b)
Start importing Assets/Scenes/LevelThree.unity using Guid(8876634b42825584fb2f4b09067e338f) Importer(815301076,1909f56bfc062723c751e8b465ee728b)  -> (artifact id: '433b60afab201d5de997b7498d7f3ae1') in 0.048013 seconds
  Import took 0.050377 seconds .

========================================================================
Received Import Request.
  Time since last request: 1.085306 seconds.
  path: Assets/Scenes/LevelTwo.unity
  artifactKey: Guid(bd419c47aa621024c89dbd4325d1c579) Importer(815301076,1909f56bfc062723c751e8b465ee728b)
Start importing Assets/Scenes/LevelTwo.unity using Guid(bd419c47aa621024c89dbd4325d1c579) Importer(815301076,1909f56bfc062723c751e8b465ee728b)  -> (artifact id: '3cef77d8b8cf362772bd18de5e0bd77a') in 0.037818 seconds
  Import took 0.040861 seconds .

========================================================================
Received Import Request.
  Time since last request: 1.579884 seconds.
  path: Assets/Scenes/LevelOne.unity
  artifactKey: Guid(9fc0d4010bbf28b4594072e72b8655ab) Importer(815301076,1909f56bfc062723c751e8b465ee728b)
Start importing Assets/Scenes/LevelOne.unity using Guid(9fc0d4010bbf28b4594072e72b8655ab) Importer(815301076,1909f56bfc062723c751e8b465ee728b)  -> (artifact id: '3b6796e76c10d193333f626a51451f48') in 0.036984 seconds
  Import took 0.039915 seconds .

========================================================================
Received Import Request.
  Time since last request: 216.941635 seconds.
  path: Assets/Scripts/QuitApplication.cs
  artifactKey: Guid(f309656604e6e614abf59c5148c5984e) Importer(815301076,1909f56bfc062723c751e8b465ee728b)
Start importing Assets/Scripts/QuitApplication.cs using Guid(f309656604e6e614abf59c5148c5984e) Importer(815301076,1909f56bfc062723c751e8b465ee728b)  -> (artifact id: '4aeedde1d87cef1c386b4836c620fff5') in 0.043286 seconds
  Import took 0.045700 seconds .

========================================================================
Received Prepare
Registering precompiled user dll's ...
Registered in 0.001967 seconds.
Begin MonoManager ReloadAssembly
Native extension for LinuxStandalone target not found
Native extension for WindowsStandalone target not found
Native extension for WebGL target not found
Refreshing native plugins compatible for Editor in 0.26 ms, found 0 plugins.
Preloading 0 native plugins for Editor in 0.00 ms.
Invoked RoslynAnalysisRunner static constructor.
RoslynAnalysisRunner will not be running.
RoslynAnalysisRunner has terminated.
Mono: successfully reloaded assembly
- Completed reload, in  1.353 seconds
Platform modules already initialized, skipping
Refreshing native plugins compatible for Editor in 0.32 ms, found 0 plugins.
Preloading 0 native plugins for Editor in 0.00 ms.
Unloading 1098 Unused Serialized files (Serialized files now loaded: 0)
System memory in use before: 77.8 MB.
System memory in use after: 77.9 MB.

Unloading 5 unused Assets to reduce memory usage. Loaded Objects now: 1595.
Total: 2.262600 ms (FindLiveObjects: 0.210600 ms CreateObjectMapping: 0.046500 ms MarkObjects: 1.925900 ms  DeleteObjects: 0.078300 ms)

========================================================================
Received Import Request.
  Time since last request: 157.027838 seconds.
  path: Assets/Scripts/QuitApplication.cs
  artifactKey: Guid(f309656604e6e614abf59c5148c5984e) Importer(815301076,1909f56bfc062723c751e8b465ee728b)
Start importing Assets/Scripts/QuitApplication.cs using Guid(f309656604e6e614abf59c5148c5984e) Importer(815301076,1909f56bfc062723c751e8b465ee728b)  -> (artifact id: 'd6dd793af22d0b5998ac2e2e7b70c1a7') in 0.038376 seconds
  Import took 0.040708 seconds .

========================================================================
Received Import Request.
  Time since last request: 1.759562 seconds.
  path: Assets/Scripts/QuitApplication.cs
  artifactKey: Guid(f309656604e6e614abf59c5148c5984e) Importer(815301076,1909f56bfc062723c751e8b465ee728b)
Start importing Assets/Scripts/QuitApplication.cs using Guid(f309656604e6e614abf59c5148c5984e) Importer(815301076,1909f56bfc062723c751e8b465ee728b)  -> (artifact id: 'd6dd793af22d0b5998ac2e2e7b70c1a7') in 0.036160 seconds
  Import took 0.038556 seconds .

========================================================================
Received Prepare
Registering precompiled user dll's ...
Registered in 0.001895 seconds.
Begin MonoManager ReloadAssembly
Native extension for LinuxStandalone target not found
Native extension for WindowsStandalone target not found
Native extension for WebGL target not found
Refreshing native plugins compatible for Editor in 0.25 ms, found 0 plugins.
Preloading 0 native plugins for Editor in 0.00 ms.
Invoked RoslynAnalysisRunner static constructor.
RoslynAnalysisRunner will not be running.
RoslynAnalysisRunner has terminated.
Mono: successfully reloaded assembly
- Completed reload, in  1.313 seconds
Platform modules already initialized, skipping
Refreshing native plugins compatible for Editor in 0.24 ms, found 0 plugins.
Preloading 0 native plugins for Editor in 0.00 ms.
Unloading 1098 Unused Serialized files (Serialized files now loaded: 0)
System memory in use before: 78.0 MB.
System memory in use after: 78.1 MB.

Unloading 5 unused Assets to reduce memory usage. Loaded Objects now: 1597.
Total: 1.969400 ms (FindLiveObjects: 0.164200 ms CreateObjectMapping: 0.036800 ms MarkObjects: 1.691000 ms  DeleteObjects: 0.076400 ms)

========================================================================
Received Import Request.
  Time since last request: 74.495969 seconds.
  path: Assets/Scenes/LevelOne.unity
  artifactKey: Guid(9fc0d4010bbf28b4594072e72b8655ab) Importer(815301076,1909f56bfc062723c751e8b465ee728b)
Start importing Assets/Scenes/LevelOne.unity using Guid(9fc0d4010bbf28b4594072e72b8655ab) Importer(815301076,1909f56bfc062723c751e8b465ee728b)  -> (artifact id: 'affce8579459fa9be329cd9a123e716f') in 0.046900 seconds
  Import took 0.049225 seconds .

========================================================================
Received Prepare
Registering precompiled user dll's ...
Registered in 0.002209 seconds.
Begin MonoManager ReloadAssembly
Native extension for LinuxStandalone target not found
Native extension for WindowsStandalone target not found
Native extension for WebGL target not found
Refreshing native plugins compatible for Editor in 0.24 ms, found 0 plugins.
Preloading 0 native plugins for Editor in 0.00 ms.
Invoked RoslynAnalysisRunner static constructor.
RoslynAnalysisRunner will not be running.
RoslynAnalysisRunner has terminated.
Mono: successfully reloaded assembly
- Completed reload, in  1.347 seconds
Platform modules already initialized, skipping
Refreshing native plugins compatible for Editor in 0.25 ms, found 0 plugins.
Preloading 0 native plugins for Editor in 0.00 ms.
Unloading 1098 Unused Serialized files (Serialized files now loaded: 0)
System memory in use before: 77.4 MB.
System memory in use after: 77.5 MB.

Unloading 5 unused Assets to reduce memory usage. Loaded Objects now: 1599.
Total: 2.035100 ms (FindLiveObjects: 0.190600 ms CreateObjectMapping: 0.037400 ms MarkObjects: 1.729300 ms  DeleteObjects: 0.076200 ms)

========================================================================
Received Prepare
Registering precompiled user dll's ...
Registered in 0.001921 seconds.
Begin MonoManager ReloadAssembly
Native extension for LinuxStandalone target not found
Native extension for WindowsStandalone target not found
Native extension for WebGL target not found
Refreshing native plugins compatible for Editor in 0.36 ms, found 0 plugins.
Preloading 0 native plugins for Editor in 0.00 ms.
Invoked RoslynAnalysisRunner static constructor.
RoslynAnalysisRunner will not be running.
RoslynAnalysisRunner has terminated.
Mono: successfully reloaded assembly
- Completed reload, in  1.431 seconds
Platform modules already initialized, skipping
Refreshing native plugins compatible for Editor in 0.25 ms, found 0 plugins.
Preloading 0 native plugins for Editor in 0.00 ms.
Unloading 1098 Unused Serialized files (Serialized files now loaded: 0)
System memory in use before: 77.7 MB.
System memory in use after: 77.8 MB.

Unloading 5 unused Assets to reduce memory usage. Loaded Objects now: 1601.
Total: 2.837200 ms (FindLiveObjects: 0.272200 ms CreateObjectMapping: 0.042100 ms MarkObjects: 2.427900 ms  DeleteObjects: 0.092700 ms)

========================================================================
Received Prepare
Refreshing native plugins compatible for Editor in 2.04 ms, found 0 plugins.
Preloading 0 native plugins for Editor in 0.00 ms.
Unloading 3 Unused Serialized files (Serialized files now loaded: 0)
System memory in use before: 55.9 MB.
System memory in use after: 56.0 MB.

Unloading 3 unused Assets to reduce memory usage. Loaded Objects now: 1601.
Total: 2.051700 ms (FindLiveObjects: 0.167400 ms CreateObjectMapping: 0.035900 ms MarkObjects: 1.769800 ms  DeleteObjects: 0.077200 ms)

========================================================================
Received Prepare
Refreshing native plugins compatible for Editor in 2.48 ms, found 0 plugins.
Preloading 0 native plugins for Editor in 0.00 ms.
Unloading 3 Unused Serialized files (Serialized files now loaded: 0)
System memory in use before: 56.0 MB.
System memory in use after: 56.1 MB.

Unloading 3 unused Assets to reduce memory usage. Loaded Objects now: 1601.
Total: 2.697600 ms (FindLiveObjects: 0.264900 ms CreateObjectMapping: 0.058500 ms MarkObjects: 2.286000 ms  DeleteObjects: 0.086900 ms)

AssetImportWorkerClient::OnTransportError - code=2 error=End of file
